INFO: latexindent.exe version 3.5.3, 2018-10-13, a script to indent .tex files
      latexindent.exe lives here: C:/Users/ac126718/Downloads/latexindent/latexindent/
      Mon Oct 29 16:58:28 2018
      Filename: piccompile.tex
INFO: Processing switches:
      -w|--overwrite: Overwrite mode active, will make a back up of piccompile.tex first
INFO: Directory for backup files and indent.log: .
INFO: YAML settings read: defaultSettings.yaml
      Reading defaultSettings.yaml from C:/Users/ac126718/Downloads/latexindent/latexindent/defaultSettings.yaml
INFO: YAML settings read: indentconfig.yaml or .indentconfig.yaml
      Home directory is C:\Users\ac126718 (didn't find either indentconfig.yaml or .indentconfig.yaml)
      To specify user settings you would put indentconfig.yaml here: C:\Users\ac126718/indentconfig.yaml
      Alternatively, you can use the hidden file .indentconfig.yaml as: C:\Users\ac126718/.indentconfig.yaml
INFO: Backup procedure (-w flag active):
      ./piccompile.bak0 already exists, incrementing by 1... (see maxNumberOfBackUps and onlyOneBackUp)
      copying piccompile.tex to ./piccompile.bak1
      Backup file: ./piccompile.bak1
      piccompile.tex will be overwritten after indentation
INFO: Phase 1: searching for objects
INFO: Phase 2: finding surrounding indentation
INFO: Phase 3: indenting objects
INFO: Phase 4: final indentation check
INFO: Output routine:
      Overwriting file piccompile.tex
      --------------
INFO: Please direct all communication/issues to:
      https://github.com/cmhughes/latexindent.pl
